# JRE version: OpenJDK Runtime Environment (15.0.2+7) (build 15.0.2+7-27)
# Java VM: OpenJDK 64-Bit Server VM (15.0.2+7-27, mixed mode, sharing, tiered, compressed oops, g1 gc, windows-amd64)
GC Precious Log:
 CPUs: 4 total, 4 available
 Memory: 8075M
 Large Page Support: Disabled
 NUMA Support: Disabled
 Compressed Oops: Enabled (32-bit)
 Heap Region Size: 1M
 Heap Min Capacity: 8M
 Heap Initial Capacity: 128M
 Heap Max Capacity: 2G
 Pre-touch: Disabled
 Parallel Workers: 4
 Concurrent Workers: 1
 Concurrent Refinement Workers: 4
 Periodic GC: Disabled
Heap:
 garbage-first heap   total 250880K, used 140978K [0x0000000080000000, 0x0000000100000000)
  region size 1024K, 14 young (14336K), 8 survivors (8192K)
 Metaspace       used 134209K, capacity 135712K, committed 135964K, reserved 1169408K
  class space    used 16588K, capacity 17068K, committed 17100K, reserved 1048576K
GC Heap History (20 events):
Event: 652.140 GC heap before
{Heap before GC invocations=42 (full 0):
 garbage-first heap   total 250880K, used 198007K [0x0000000080000000, 0x0000000100000000)
  region size 1024K, 72 young (73728K), 12 survivors (12288K)
 Metaspace       used 102196K, capacity 103578K, committed 103708K, reserved 1140736K
  class space    used 12551K, capacity 12920K, committed 13004K, reserved 1048576K
}
Event: 652.158 GC heap after
{Heap after GC invocations=43 (full 0):
 garbage-first heap   total 250880K, used 123392K [0x0000000080000000, 0x0000000100000000)
  region size 1024K, 3 young (3072K), 3 survivors (3072K)
 Metaspace       used 102196K, capacity 103578K, committed 103708K, reserved 1140736K
  class space    used 12551K, capacity 12920K, committed 13004K, reserved 1048576K
}
Event: 655.223 GC heap before
{Heap before GC invocations=43 (full 0):
 garbage-first heap   total 250880K, used 193024K [0x0000000080000000, 0x0000000100000000)
  region size 1024K, 72 young (73728K), 3 survivors (3072K)
 Metaspace       used 105232K, capacity 106503K, committed 106524K, reserved 1142784K
  class space    used 12894K, capacity 13252K, committed 13260K, reserved 1048576K
}
Event: 655.236 GC heap after
{Heap after GC invocations=44 (full 0):
 garbage-first heap   total 250880K, used 128425K [0x0000000080000000, 0x0000000100000000)
  region size 1024K, 8 young (8192K), 8 survivors (8192K)
 Metaspace       used 105232K, capacity 106503K, committed 106524K, reserved 1142784K
  class space    used 12894K, capacity 13252K, committed 13260K, reserved 1048576K
}
Event: 682.797 GC heap before
{Heap before GC invocations=45 (full 0):
 garbage-first heap   total 250880K, used 190377K [0x0000000080000000, 0x0000000100000000)
  region size 1024K, 76 young (77824K), 8 survivors (8192K)
 Metaspace       used 109020K, capacity 110476K, committed 110748K, reserved 1146880K
  class space    used 13371K, capacity 13791K, committed 13900K, reserved 1048576K
}
Event: 682.819 GC heap after
{Heap after GC invocations=46 (full 0):
 garbage-first heap   total 250880K, used 125411K [0x0000000080000000, 0x0000000100000000)
  region size 1024K, 5 young (5120K), 5 survivors (5120K)
 Metaspace       used 109020K, capacity 110476K, committed 110748K, reserved 1146880K
  class space    used 13371K, capacity 13791K, committed 13900K, reserved 1048576K
}
Event: 683.117 GC heap before
{Heap before GC invocations=46 (full 0):
 garbage-first heap   total 250880K, used 131555K [0x0000000080000000, 0x0000000100000000)
  region size 1024K, 12 young (12288K), 5 survivors (5120K)
 Metaspace       used 109083K, capacity 110540K, committed 110748K, reserved 1146880K
  class space    used 13379K, capacity 13791K, committed 13900K, reserved 1048576K
}
Event: 683.163 GC heap after
{Heap after GC invocations=47 (full 0):
 garbage-first heap   total 250880K, used 110387K [0x0000000080000000, 0x0000000100000000)
  region size 1024K, 2 young (2048K), 2 survivors (2048K)
 Metaspace       used 109083K, capacity 110540K, committed 110748K, reserved 1146880K
  class space    used 13379K, capacity 13791K, committed 13900K, reserved 1048576K
}
Event: 687.304 GC heap before
{Heap before GC invocations=47 (full 0):
 garbage-first heap   total 250880K, used 169779K [0x0000000080000000, 0x0000000100000000)
  region size 1024K, 58 young (59392K), 2 survivors (2048K)
 Metaspace       used 118189K, capacity 119700K, committed 119964K, reserved 1155072K
  class space    used 14459K, capacity 14900K, committed 14924K, reserved 1048576K
}
Event: 687.315 GC heap after
{Heap after GC invocations=48 (full 0):
 garbage-first heap   total 250880K, used 117053K [0x0000000080000000, 0x0000000100000000)
  region size 1024K, 5 young (5120K), 5 survivors (5120K)
 Metaspace       used 118189K, capacity 119700K, committed 119964K, reserved 1155072K
  class space    used 14459K, capacity 14900K, committed 14924K, reserved 1048576K
}
Event: 689.030 GC heap before
{Heap before GC invocations=49 (full 0):
 garbage-first heap   total 250880K, used 197949K [0x0000000080000000, 0x0000000100000000)
  region size 1024K, 83 young (84992K), 5 survivors (5120K)
 Metaspace       used 124818K, capacity 126338K, committed 126492K, reserved 1161216K
  class space    used 15324K, capacity 15781K, committed 15820K, reserved 1048576K
}
Event: 689.055 GC heap after
{Heap after GC invocations=50 (full 0):
 garbage-first heap   total 250880K, used 123888K [0x0000000080000000, 0x0000000100000000)
  region size 1024K, 11 young (11264K), 11 survivors (11264K)
 Metaspace       used 124818K, capacity 126338K, committed 126492K, reserved 1161216K
  class space    used 15324K, capacity 15781K, committed 15820K, reserved 1048576K
}
Event: 690.682 GC heap before
{Heap before GC invocations=50 (full 0):
 garbage-first heap   total 250880K, used 196592K [0x0000000080000000, 0x0000000100000000)
  region size 1024K, 83 young (84992K), 11 survivors (11264K)
 Metaspace       used 130532K, capacity 132131K, committed 132252K, reserved 1165312K
  class space    used 16143K, capacity 16638K, committed 16716K, reserved 1048576K
}
Event: 690.706 GC heap after
{Heap after GC invocations=51 (full 0):
 garbage-first heap   total 250880K, used 123366K [0x0000000080000000, 0x0000000100000000)
  region size 1024K, 2 young (2048K), 2 survivors (2048K)
 Metaspace       used 130532K, capacity 132131K, committed 132252K, reserved 1165312K
  class space    used 16143K, capacity 16638K, committed 16716K, reserved 1048576K
}
Event: 692.044 GC heap before
{Heap before GC invocations=51 (full 0):
 garbage-first heap   total 250880K, used 167398K [0x0000000080000000, 0x0000000100000000)
  region size 1024K, 47 young (48128K), 2 survivors (2048K)
 Metaspace       used 132312K, capacity 133930K, committed 134172K, reserved 1167360K
  class space    used 16331K, capacity 16831K, committed 16844K, reserved 1048576K
}
Event: 692.056 GC heap after
{Heap after GC invocations=52 (full 0):
 garbage-first heap   total 250880K, used 129675K [0x0000000080000000, 0x0000000100000000)
  region size 1024K, 9 young (9216K), 9 survivors (9216K)
 Metaspace       used 132312K, capacity 133930K, committed 134172K, reserved 1167360K
  class space    used 16331K, capacity 16831K, committed 16844K, reserved 1048576K
}
Event: 692.718 GC heap before
{Heap before GC invocations=53 (full 0):
 garbage-first heap   total 250880K, used 141963K [0x0000000080000000, 0x0000000100000000)
  region size 1024K, 22 young (22528K), 9 survivors (9216K)
 Metaspace       used 132487K, capacity 134122K, committed 134172K, reserved 1167360K
  class space    used 16331K, capacity 16831K, committed 16844K, reserved 1048576K
}
Event: 692.730 GC heap after
{Heap after GC invocations=54 (full 0):
 garbage-first heap   total 250880K, used 128568K [0x0000000080000000, 0x0000000100000000)
  region size 1024K, 3 young (3072K), 3 survivors (3072K)
 Metaspace       used 132487K, capacity 134122K, committed 134172K, reserved 1167360K
  class space    used 16331K, capacity 16831K, committed 16844K, reserved 1048576K
}
Event: 694.312 GC heap before
{Heap before GC invocations=55 (full 0):
 garbage-first heap   total 250880K, used 167480K [0x0000000080000000, 0x0000000100000000)
  region size 1024K, 42 young (43008K), 3 survivors (3072K)
 Metaspace       used 133832K, capacity 135413K, committed 135708K, reserved 1167360K
  class space    used 16557K, capacity 17036K, committed 17100K, reserved 1048576K
}
Event: 694.323 GC heap after
{Heap after GC invocations=56 (full 0):
 garbage-first heap   total 250880K, used 133810K [0x0000000080000000, 0x0000000100000000)
  region size 1024K, 8 young (8192K), 8 survivors (8192K)
 Metaspace       used 133832K, capacity 135413K, committed 135708K, reserved 1167360K
  class space    used 16557K, capacity 17036K, committed 17100K, reserved 1048576K
}

