# JRE version: OpenJDK Runtime Environment (15.0.2+7) (build 15.0.2+7-27)
# Java VM: OpenJDK 64-Bit Server VM (15.0.2+7-27, mixed mode, sharing, tiered, compressed oops, g1 gc, windows-amd64)
GC Precious Log:
 CPUs: 4 total, 4 available
 Memory: 8075M
 Large Page Support: Disabled
 NUMA Support: Disabled
 Compressed Oops: Enabled (32-bit)
 Heap Region Size: 1M
 Heap Min Capacity: 8M
 Heap Initial Capacity: 128M
 Heap Max Capacity: 2G
 Pre-touch: Disabled
 Parallel Workers: 4
 Concurrent Workers: 1
 Concurrent Refinement Workers: 4
 Periodic GC: Disabled
Heap:
 garbage-first heap   total 147456K, used 78715K [0x0000000080000000, 0x0000000100000000)
  region size 1024K, 13 young (13312K), 6 survivors (6144K)
 Metaspace       used 75046K, capacity 76117K, committed 76240K, reserved 1116160K
  class space    used 9827K, capacity 10108K, committed 10112K, reserved 1048576K
GC Heap History (20 events):
Event: 20.793 GC heap before
{Heap before GC invocations=23 (full 0):
 garbage-first heap   total 96256K, used 70453K [0x0000000080000000, 0x0000000100000000)
  region size 1024K, 20 young (20480K), 2 survivors (2048K)
 Metaspace       used 52410K, capacity 53170K, committed 53200K, reserved 1095680K
  class space    used 6793K, capacity 7030K, committed 7040K, reserved 1048576K
}
Event: 20.798 GC heap after
{Heap after GC invocations=24 (full 0):
 garbage-first heap   total 96256K, used 53285K [0x0000000080000000, 0x0000000100000000)
  region size 1024K, 3 young (3072K), 3 survivors (3072K)
 Metaspace       used 52410K, capacity 53170K, committed 53200K, reserved 1095680K
  class space    used 6793K, capacity 7030K, committed 7040K, reserved 1048576K
}
Event: 21.384 GC heap before
{Heap before GC invocations=24 (full 0):
 garbage-first heap   total 96256K, used 58405K [0x0000000080000000, 0x0000000100000000)
  region size 1024K, 9 young (9216K), 3 survivors (3072K)
 Metaspace       used 53813K, capacity 54648K, committed 54864K, reserved 1097728K
  class space    used 6935K, capacity 7159K, committed 7168K, reserved 1048576K
}
Event: 21.389 GC heap after
{Heap after GC invocations=25 (full 0):
 garbage-first heap   total 96256K, used 54668K [0x0000000080000000, 0x0000000100000000)
  region size 1024K, 3 young (3072K), 3 survivors (3072K)
 Metaspace       used 53813K, capacity 54648K, committed 54864K, reserved 1097728K
  class space    used 6935K, capacity 7159K, committed 7168K, reserved 1048576K
}
Event: 21.624 GC heap before
{Heap before GC invocations=26 (full 0):
 garbage-first heap   total 122880K, used 71052K [0x0000000080000000, 0x0000000100000000)
  region size 1024K, 16 young (16384K), 3 survivors (3072K)
 Metaspace       used 53824K, capacity 54654K, committed 54864K, reserved 1097728K
  class space    used 6935K, capacity 7160K, committed 7168K, reserved 1048576K
}
Event: 21.632 GC heap after
{Heap after GC invocations=27 (full 0):
 garbage-first heap   total 122880K, used 61042K [0x0000000080000000, 0x0000000100000000)
  region size 1024K, 3 young (3072K), 3 survivors (3072K)
 Metaspace       used 53824K, capacity 54654K, committed 54864K, reserved 1097728K
  class space    used 6935K, capacity 7160K, committed 7168K, reserved 1048576K
}
Event: 22.480 GC heap before
{Heap before GC invocations=28 (full 0):
 garbage-first heap   total 122880K, used 93810K [0x0000000080000000, 0x0000000100000000)
  region size 1024K, 33 young (33792K), 3 survivors (3072K)
 Metaspace       used 56518K, capacity 57384K, committed 57552K, reserved 1099776K
  class space    used 7263K, capacity 7488K, committed 7552K, reserved 1048576K
}
Event: 22.486 GC heap after
{Heap after GC invocations=29 (full 0):
 garbage-first heap   total 122880K, used 60214K [0x0000000080000000, 0x0000000100000000)
  region size 1024K, 4 young (4096K), 4 survivors (4096K)
 Metaspace       used 56518K, capacity 57384K, committed 57552K, reserved 1099776K
  class space    used 7263K, capacity 7488K, committed 7552K, reserved 1048576K
}
Event: 22.653 GC heap before
{Heap before GC invocations=29 (full 0):
 garbage-first heap   total 122880K, used 66358K [0x0000000080000000, 0x0000000100000000)
  region size 1024K, 11 young (11264K), 4 survivors (4096K)
 Metaspace       used 57207K, capacity 58094K, committed 58448K, reserved 1099776K
  class space    used 7324K, capacity 7553K, committed 7680K, reserved 1048576K
}
Event: 22.657 GC heap after
{Heap after GC invocations=30 (full 0):
 garbage-first heap   total 122880K, used 61279K [0x0000000080000000, 0x0000000100000000)
  region size 1024K, 3 young (3072K), 3 survivors (3072K)
 Metaspace       used 57207K, capacity 58094K, committed 58448K, reserved 1099776K
  class space    used 7324K, capacity 7553K, committed 7680K, reserved 1048576K
}
Event: 23.858 GC heap before
{Heap before GC invocations=31 (full 0):
 garbage-first heap   total 122880K, used 96095K [0x0000000080000000, 0x0000000100000000)
  region size 1024K, 37 young (37888K), 3 survivors (3072K)
 Metaspace       used 60478K, capacity 61288K, committed 61392K, reserved 1103872K
  class space    used 7738K, capacity 7975K, committed 8064K, reserved 1048576K
}
Event: 23.865 GC heap after
{Heap after GC invocations=32 (full 0):
 garbage-first heap   total 122880K, used 61794K [0x0000000080000000, 0x0000000100000000)
  region size 1024K, 5 young (5120K), 5 survivors (5120K)
 Metaspace       used 60478K, capacity 61288K, committed 61392K, reserved 1103872K
  class space    used 7738K, capacity 7975K, committed 8064K, reserved 1048576K
}
Event: 24.412 GC heap before
{Heap before GC invocations=32 (full 0):
 garbage-first heap   total 122880K, used 97634K [0x0000000080000000, 0x0000000100000000)
  region size 1024K, 40 young (40960K), 5 survivors (5120K)
 Metaspace       used 61445K, capacity 62294K, committed 62544K, reserved 1103872K
  class space    used 7829K, capacity 8076K, committed 8192K, reserved 1048576K
}
Event: 24.423 GC heap after
{Heap after GC invocations=33 (full 0):
 garbage-first heap   total 122880K, used 64587K [0x0000000080000000, 0x0000000100000000)
  region size 1024K, 5 young (5120K), 5 survivors (5120K)
 Metaspace       used 61445K, capacity 62294K, committed 62544K, reserved 1103872K
  class space    used 7829K, capacity 8076K, committed 8192K, reserved 1048576K
}
Event: 25.479 GC heap before
{Heap before GC invocations=34 (full 0):
 garbage-first heap   total 122880K, used 99403K [0x0000000080000000, 0x0000000100000000)
  region size 1024K, 39 young (39936K), 5 survivors (5120K)
 Metaspace       used 65732K, capacity 66652K, committed 66896K, reserved 1107968K
  class space    used 8599K, capacity 8845K, committed 8960K, reserved 1048576K
}
Event: 25.489 GC heap after
{Heap after GC invocations=35 (full 0):
 garbage-first heap   total 122880K, used 67196K [0x0000000080000000, 0x0000000100000000)
  region size 1024K, 3 young (3072K), 3 survivors (3072K)
 Metaspace       used 65732K, capacity 66652K, committed 66896K, reserved 1107968K
  class space    used 8599K, capacity 8845K, committed 8960K, reserved 1048576K
}
Event: 26.422 GC heap before
{Heap before GC invocations=35 (full 0):
 garbage-first heap   total 122880K, used 98940K [0x0000000080000000, 0x0000000100000000)
  region size 1024K, 34 young (34816K), 3 survivors (3072K)
 Metaspace       used 68843K, capacity 69846K, committed 70096K, reserved 1110016K
  class space    used 9002K, capacity 9277K, committed 9344K, reserved 1048576K
}
Event: 26.431 GC heap after
{Heap after GC invocations=36 (full 0):
 garbage-first heap   total 147456K, used 69168K [0x0000000080000000, 0x0000000100000000)
  region size 1024K, 5 young (5120K), 5 survivors (5120K)
 Metaspace       used 68843K, capacity 69846K, committed 70096K, reserved 1110016K
  class space    used 9002K, capacity 9277K, committed 9344K, reserved 1048576K
}
Event: 28.505 GC heap before
{Heap before GC invocations=37 (full 0):
 garbage-first heap   total 147456K, used 117296K [0x0000000080000000, 0x0000000100000000)
  region size 1024K, 52 young (53248K), 5 survivors (5120K)
 Metaspace       used 74505K, capacity 75541K, committed 75728K, reserved 1116160K
  class space    used 9760K, capacity 10044K, committed 10112K, reserved 1048576K
}
Event: 28.522 GC heap after
{Heap after GC invocations=38 (full 0):
 garbage-first heap   total 147456K, used 72571K [0x0000000080000000, 0x0000000100000000)
  region size 1024K, 6 young (6144K), 6 survivors (6144K)
 Metaspace       used 74505K, capacity 75541K, committed 75728K, reserved 1116160K
  class space    used 9760K, capacity 10044K, committed 10112K, reserved 1048576K
}

